<?xml version="1.0" encoding="UTF-8"?>
<!-- Generated by org.testng.reporters.JUnitReportReporter -->
<testsuite hostname="PBLAP802" name="core.Mavenfirst" tests="4" failures="0" timestamp="3 Aug 2018 06:59:12 GMT" time="0.029" errors="0">
  <testcase name="div" time="0.022" classname="core.Mavenfirst"/>
  <testcase name="sum" time="0.001" classname="core.Mavenfirst"/>
  <testcase name="multi" time="0.004" classname="core.Mavenfirst"/>
  <testcase name="sub" time="0.002" classname="core.Mavenfirst"/>
</testsuite> <!-- core.Mavenfirst -->
