<?xml version="1.0" encoding="UTF-8"?>
<!-- Generated by org.testng.reporters.JUnitReportReporter -->
<testsuite hostname="PBLAP802" name="core.Mavenfirst" tests="4" failures="0" timestamp="2 Aug 2018 10:08:51 GMT" time="0.010" errors="0">
  <testcase name="sum" time="0.001" classname="core.Mavenfirst"/>
  <testcase name="sub" time="0.000" classname="core.Mavenfirst"/>
  <testcase name="multi" time="0.001" classname="core.Mavenfirst"/>
  <testcase name="div" time="0.008" classname="core.Mavenfirst"/>
</testsuite> <!-- core.Mavenfirst -->
